This is pdfTeX, Version 3.14159265-2.6-1.40.16 (TeX Live 2015/Debian) (preloaded format=pdflatex 2017.8.23)  12 DEC 2017 02:42
entering extended mode
 restricted \write18 enabled.
 %&-line parsing enabled.
**bachelor_thesis.tex
(./bachelor_thesis.tex
LaTeX2e <2016/02/01>
Babel <3.9q> and hyphenation patterns for 4 language(s) loaded.
(./mgr.cls
Document Class: mgr 2005/12/01 Non-Standard LaTeX document class
(/usr/share/texlive/texmf-dist/tex/latex/base/bk12.clo
File: bk12.clo 2014/09/29 v1.4h Standard LaTeX file (size option)
)
\c@part=\count79
\c@chapter=\count80
\c@section=\count81
\c@subsection=\count82
\c@subsubsection=\count83
\c@paragraph=\count84
\c@subparagraph=\count85
\c@figure=\count86
\c@table=\count87
\abovecaptionskip=\skip41
\belowcaptionskip=\skip42
\bibindent=\dimen102
)
(/usr/share/texlive/texmf-dist/tex/latex/polski/polski.sty
Package: polski 2008/02/24 v1.3.3 Polish language package

Document language package `polski' v1.3.3 <2008/02/24>
   Switching to Polish text encoding and Polish maths fonts.
(/usr/share/texlive/texmf-dist/tex/latex/base/ot4enc.def
File: ot4enc.def 2005/09/27 v1.99g Standard LaTeX file
)
LaTeX Font Info:    Try loading font information for OT4+cmr on input line 346.


(/usr/share/texlive/texmf-dist/tex/latex/polski/ot4cmr.fd
File: ot4cmr.fd 2008/02/24 v1.2.1 Font defs for fonts PL (MW)
)
LaTeX Font Info:    Overwriting math alphabet `\mathbf' in version `normal'
(Font)                  OT1/cmr/bx/n --> OT4/cmr/bx/n on input line 346.
LaTeX Font Info:    Overwriting math alphabet `\mathsf' in version `normal'
(Font)                  OT1/cmss/m/n --> OT4/cmss/m/n on input line 346.
LaTeX Font Info:    Overwriting math alphabet `\mathit' in version `normal'
(Font)                  OT1/cmr/m/it --> OT4/cmr/m/it on input line 346.
LaTeX Font Info:    Overwriting math alphabet `\mathtt' in version `normal'
(Font)                  OT1/cmtt/m/n --> OT4/cmtt/m/n on input line 346.
LaTeX Font Info:    Overwriting math alphabet `\mathsf' in version `bold'
(Font)                  OT1/cmss/bx/n --> OT4/cmss/bx/n on input line 346.
LaTeX Font Info:    Overwriting math alphabet `\mathit' in version `bold'
(Font)                  OT1/cmr/bx/it --> OT4/cmr/bx/it on input line 346.
LaTeX Font Info:    Encoding `OT1' has changed to `OT4' for symbol font
(Font)              `operators' in the math version `normal' on input line 346.

LaTeX Font Info:    Overwriting symbol font `operators' in version `normal'
(Font)                  OT1/cmr/m/n --> OT4/cmr/m/n on input line 346.
LaTeX Font Info:    Overwriting symbol font `letters' in version `normal'
(Font)                  OML/cmm/m/it --> OML/plm/m/it on input line 346.
LaTeX Font Info:    Overwriting symbol font `symbols' in version `normal'
(Font)                  OMS/cmsy/m/n --> OMS/plsy/m/n on input line 346.
LaTeX Font Info:    Overwriting symbol font `largesymbols' in version `normal'
(Font)                  OMX/cmex/m/n --> OMX/plex/m/n on input line 346.
LaTeX Font Info:    Encoding `OT1' has changed to `OT4' for symbol font
(Font)              `operators' in the math version `bold' on input line 346.
LaTeX Font Info:    Overwriting symbol font `operators' in version `bold'
(Font)                  OT1/cmr/bx/n --> OT4/cmr/bx/n on input line 346.
LaTeX Font Info:    Overwriting symbol font `letters' in version `bold'
(Font)                  OML/cmm/b/it --> OML/plm/b/it on input line 346.
LaTeX Font Info:    Overwriting symbol font `symbols' in version `bold'
(Font)                  OMS/cmsy/b/n --> OMS/plsy/b/n on input line 346.
)
(/usr/share/texlive/texmf-dist/tex/latex/base/inputenc.sty
Package: inputenc 2015/03/17 v1.2c Input encoding file
\inpenc@prehook=\toks14
\inpenc@posthook=\toks15

(/usr/share/texlive/texmf-dist/tex/latex/base/utf8.def
File: utf8.def 2015/12/03 v1.1r UTF-8 support for inputenc
Now handling font encoding OML ...
... no UTF-8 mapping file for font encoding OML
Now handling font encoding T1 ...
... processing UTF-8 mapping file for font encoding T1

(/usr/share/texlive/texmf-dist/tex/latex/base/t1enc.dfu
File: t1enc.dfu 2015/12/03 v1.1r UTF-8 support for inputenc
   defining Unicode char U+00A0 (decimal 160)
   defining Unicode char U+00A1 (decimal 161)
   defining Unicode char U+00A3 (decimal 163)
   defining Unicode char U+00AB (decimal 171)
   defining Unicode char U+00AD (decimal 173)
   defining Unicode char U+00BB (decimal 187)
   defining Unicode char U+00BF (decimal 191)
   defining Unicode char U+00C0 (decimal 192)
   defining Unicode char U+00C1 (decimal 193)
   defining Unicode char U+00C2 (decimal 194)
   defining Unicode char U+00C3 (decimal 195)
   defining Unicode char U+00C4 (decimal 196)
   defining Unicode char U+00C5 (decimal 197)
   defining Unicode char U+00C6 (decimal 198)
   defining Unicode char U+00C7 (decimal 199)
   defining Unicode char U+00C8 (decimal 200)
   defining Unicode char U+00C9 (decimal 201)
   defining Unicode char U+00CA (decimal 202)
   defining Unicode char U+00CB (decimal 203)
   defining Unicode char U+00CC (decimal 204)
   defining Unicode char U+00CD (decimal 205)
   defining Unicode char U+00CE (decimal 206)
   defining Unicode char U+00CF (decimal 207)
   defining Unicode char U+00D0 (decimal 208)
   defining Unicode char U+00D1 (decimal 209)
   defining Unicode char U+00D2 (decimal 210)
   defining Unicode char U+00D3 (decimal 211)
   defining Unicode char U+00D4 (decimal 212)
   defining Unicode char U+00D5 (decimal 213)
   defining Unicode char U+00D6 (decimal 214)
   defining Unicode char U+00D8 (decimal 216)
   defining Unicode char U+00D9 (decimal 217)
   defining Unicode char U+00DA (decimal 218)
   defining Unicode char U+00DB (decimal 219)
   defining Unicode char U+00DC (decimal 220)
   defining Unicode char U+00DD (decimal 221)
   defining Unicode char U+00DE (decimal 222)
   defining Unicode char U+00DF (decimal 223)
   defining Unicode char U+00E0 (decimal 224)
   defining Unicode char U+00E1 (decimal 225)
   defining Unicode char U+00E2 (decimal 226)
   defining Unicode char U+00E3 (decimal 227)
   defining Unicode char U+00E4 (decimal 228)
   defining Unicode char U+00E5 (decimal 229)
   defining Unicode char U+00E6 (decimal 230)
   defining Unicode char U+00E7 (decimal 231)
   defining Unicode char U+00E8 (decimal 232)
   defining Unicode char U+00E9 (decimal 233)
   defining Unicode char U+00EA (decimal 234)
   defining Unicode char U+00EB (decimal 235)
   defining Unicode char U+00EC (decimal 236)
   defining Unicode char U+00ED (decimal 237)
   defining Unicode char U+00EE (decimal 238)
   defining Unicode char U+00EF (decimal 239)
   defining Unicode char U+00F0 (decimal 240)
   defining Unicode char U+00F1 (decimal 241)
   defining Unicode char U+00F2 (decimal 242)
   defining Unicode char U+00F3 (decimal 243)
   defining Unicode char U+00F4 (decimal 244)
   defining Unicode char U+00F5 (decimal 245)
   defining Unicode char U+00F6 (decimal 246)
   defining Unicode char U+00F8 (decimal 248)
   defining Unicode char U+00F9 (decimal 249)
   defining Unicode char U+00FA (decimal 250)
   defining Unicode char U+00FB (decimal 251)
   defining Unicode char U+00FC (decimal 252)
   defining Unicode char U+00FD (decimal 253)
   defining Unicode char U+00FE (decimal 254)
   defining Unicode char U+00FF (decimal 255)
   defining Unicode char U+0100 (decimal 256)
   defining Unicode char U+0101 (decimal 257)
   defining Unicode char U+0102 (decimal 258)
   defining Unicode char U+0103 (decimal 259)
   defining Unicode char U+0104 (decimal 260)
   defining Unicode char U+0105 (decimal 261)
   defining Unicode char U+0106 (decimal 262)
   defining Unicode char U+0107 (decimal 263)
   defining Unicode char U+0108 (decimal 264)
   defining Unicode char U+0109 (decimal 265)
   defining Unicode char U+010A (decimal 266)
   defining Unicode char U+010B (decimal 267)
   defining Unicode char U+010C (decimal 268)
   defining Unicode char U+010D (decimal 269)
   defining Unicode char U+010E (decimal 270)
   defining Unicode char U+010F (decimal 271)
   defining Unicode char U+0110 (decimal 272)
   defining Unicode char U+0111 (decimal 273)
   defining Unicode char U+0112 (decimal 274)
   defining Unicode char U+0113 (decimal 275)
   defining Unicode char U+0114 (decimal 276)
   defining Unicode char U+0115 (decimal 277)
   defining Unicode char U+0116 (decimal 278)
   defining Unicode char U+0117 (decimal 279)
   defining Unicode char U+0118 (decimal 280)
   defining Unicode char U+0119 (decimal 281)
   defining Unicode char U+011A (decimal 282)
   defining Unicode char U+011B (decimal 283)
   defining Unicode char U+011C (decimal 284)
   defining Unicode char U+011D (decimal 285)
   defining Unicode char U+011E (decimal 286)
   defining Unicode char U+011F (decimal 287)
   defining Unicode char U+0120 (decimal 288)
   defining Unicode char U+0121 (decimal 289)
   defining Unicode char U+0122 (decimal 290)
   defining Unicode char U+0123 (decimal 291)
   defining Unicode char U+0124 (decimal 292)
   defining Unicode char U+0125 (decimal 293)
   defining Unicode char U+0128 (decimal 296)
   defining Unicode char U+0129 (decimal 297)
   defining Unicode char U+012A (decimal 298)
   defining Unicode char U+012B (decimal 299)
   defining Unicode char U+012C (decimal 300)
   defining Unicode char U+012D (decimal 301)
   defining Unicode char U+012E (decimal 302)
   defining Unicode char U+012F (decimal 303)
   defining Unicode char U+0130 (decimal 304)
   defining Unicode char U+0131 (decimal 305)
   defining Unicode char U+0132 (decimal 306)
   defining Unicode char U+0133 (decimal 307)
   defining Unicode char U+0134 (decimal 308)
   defining Unicode char U+0135 (decimal 309)
   defining Unicode char U+0136 (decimal 310)
   defining Unicode char U+0137 (decimal 311)
   defining Unicode char U+0139 (decimal 313)
   defining Unicode char U+013A (decimal 314)
   defining Unicode char U+013B (decimal 315)
   defining Unicode char U+013C (decimal 316)
   defining Unicode char U+013D (decimal 317)
   defining Unicode char U+013E (decimal 318)
   defining Unicode char U+0141 (decimal 321)
   defining Unicode char U+0142 (decimal 322)
   defining Unicode char U+0143 (decimal 323)
   defining Unicode char U+0144 (decimal 324)
   defining Unicode char U+0145 (decimal 325)
   defining Unicode char U+0146 (decimal 326)
   defining Unicode char U+0147 (decimal 327)
   defining Unicode char U+0148 (decimal 328)
   defining Unicode char U+014A (decimal 330)
   defining Unicode char U+014B (decimal 331)
   defining Unicode char U+014C (decimal 332)
   defining Unicode char U+014D (decimal 333)
   defining Unicode char U+014E (decimal 334)
   defining Unicode char U+014F (decimal 335)
   defining Unicode char U+0150 (decimal 336)
   defining Unicode char U+0151 (decimal 337)
   defining Unicode char U+0152 (decimal 338)
   defining Unicode char U+0153 (decimal 339)
   defining Unicode char U+0154 (decimal 340)
   defining Unicode char U+0155 (decimal 341)
   defining Unicode char U+0156 (decimal 342)
   defining Unicode char U+0157 (decimal 343)
   defining Unicode char U+0158 (decimal 344)
   defining Unicode char U+0159 (decimal 345)
   defining Unicode char U+015A (decimal 346)
   defining Unicode char U+015B (decimal 347)
   defining Unicode char U+015C (decimal 348)
   defining Unicode char U+015D (decimal 349)
   defining Unicode char U+015E (decimal 350)
   defining Unicode char U+015F (decimal 351)
   defining Unicode char U+0160 (decimal 352)
   defining Unicode char U+0161 (decimal 353)
   defining Unicode char U+0162 (decimal 354)
   defining Unicode char U+0163 (decimal 355)
   defining Unicode char U+0164 (decimal 356)
   defining Unicode char U+0165 (decimal 357)
   defining Unicode char U+0168 (decimal 360)
   defining Unicode char U+0169 (decimal 361)
   defining Unicode char U+016A (decimal 362)
   defining Unicode char U+016B (decimal 363)
   defining Unicode char U+016C (decimal 364)
   defining Unicode char U+016D (decimal 365)
   defining Unicode char U+016E (decimal 366)
   defining Unicode char U+016F (decimal 367)
   defining Unicode char U+0170 (decimal 368)
   defining Unicode char U+0171 (decimal 369)
   defining Unicode char U+0172 (decimal 370)
   defining Unicode char U+0173 (decimal 371)
   defining Unicode char U+0174 (decimal 372)
   defining Unicode char U+0175 (decimal 373)
   defining Unicode char U+0176 (decimal 374)
   defining Unicode char U+0177 (decimal 375)
   defining Unicode char U+0178 (decimal 376)
   defining Unicode char U+0179 (decimal 377)
   defining Unicode char U+017A (decimal 378)
   defining Unicode char U+017B (decimal 379)
   defining Unicode char U+017C (decimal 380)
   defining Unicode char U+017D (decimal 381)
   defining Unicode char U+017E (decimal 382)
   defining Unicode char U+01CD (decimal 461)
   defining Unicode char U+01CE (decimal 462)
   defining Unicode char U+01CF (decimal 463)
   defining Unicode char U+01D0 (decimal 464)
   defining Unicode char U+01D1 (decimal 465)
   defining Unicode char U+01D2 (decimal 466)
   defining Unicode char U+01D3 (decimal 467)
   defining Unicode char U+01D4 (decimal 468)
   defining Unicode char U+01E2 (decimal 482)
   defining Unicode char U+01E3 (decimal 483)
   defining Unicode char U+01E6 (decimal 486)
   defining Unicode char U+01E7 (decimal 487)
   defining Unicode char U+01E8 (decimal 488)
   defining Unicode char U+01E9 (decimal 489)
   defining Unicode char U+01EA (decimal 490)
   defining Unicode char U+01EB (decimal 491)
   defining Unicode char U+01F0 (decimal 496)
   defining Unicode char U+01F4 (decimal 500)
   defining Unicode char U+01F5 (decimal 501)
   defining Unicode char U+0218 (decimal 536)
   defining Unicode char U+0219 (decimal 537)
   defining Unicode char U+021A (decimal 538)
   defining Unicode char U+021B (decimal 539)
   defining Unicode char U+01E02 (decimal 7682)
   defining Unicode char U+01E03 (decimal 7683)
   defining Unicode char U+200C (decimal 8204)
   defining Unicode char U+2013 (decimal 8211)
   defining Unicode char U+2014 (decimal 8212)
   defining Unicode char U+2018 (decimal 8216)
   defining Unicode char U+2019 (decimal 8217)
   defining Unicode char U+201A (decimal 8218)
   defining Unicode char U+201C (decimal 8220)
   defining Unicode char U+201D (decimal 8221)
   defining Unicode char U+201E (decimal 8222)
   defining Unicode char U+2030 (decimal 8240)
   defining Unicode char U+2031 (decimal 8241)
   defining Unicode char U+2039 (decimal 8249)
   defining Unicode char U+203A (decimal 8250)
   defining Unicode char U+2423 (decimal 9251)
)
Now handling font encoding OT1 ...
... processing UTF-8 mapping file for font encoding OT1

(/usr/share/texlive/texmf-dist/tex/latex/base/ot1enc.dfu
File: ot1enc.dfu 2015/12/03 v1.1r UTF-8 support for inputenc
   defining Unicode char U+00A0 (decimal 160)
   defining Unicode char U+00A1 (decimal 161)
   defining Unicode char U+00A3 (decimal 163)
   defining Unicode char U+00AD (decimal 173)
   defining Unicode char U+00B8 (decimal 184)
   defining Unicode char U+00BF (decimal 191)
   defining Unicode char U+00C5 (decimal 197)
   defining Unicode char U+00C6 (decimal 198)
   defining Unicode char U+00D8 (decimal 216)
   defining Unicode char U+00DF (decimal 223)
   defining Unicode char U+00E6 (decimal 230)
   defining Unicode char U+00EC (decimal 236)
   defining Unicode char U+00ED (decimal 237)
   defining Unicode char U+00EE (decimal 238)
   defining Unicode char U+00EF (decimal 239)
   defining Unicode char U+00F8 (decimal 248)
   defining Unicode char U+0131 (decimal 305)
   defining Unicode char U+0141 (decimal 321)
   defining Unicode char U+0142 (decimal 322)
   defining Unicode char U+0152 (decimal 338)
   defining Unicode char U+0153 (decimal 339)
   defining Unicode char U+0174 (decimal 372)
   defining Unicode char U+0175 (decimal 373)
   defining Unicode char U+0176 (decimal 374)
   defining Unicode char U+0177 (decimal 375)
   defining Unicode char U+0218 (decimal 536)
   defining Unicode char U+0219 (decimal 537)
   defining Unicode char U+021A (decimal 538)
   defining Unicode char U+021B (decimal 539)
   defining Unicode char U+2013 (decimal 8211)
   defining Unicode char U+2014 (decimal 8212)
   defining Unicode char U+2018 (decimal 8216)
   defining Unicode char U+2019 (decimal 8217)
   defining Unicode char U+201C (decimal 8220)
   defining Unicode char U+201D (decimal 8221)
)
Now handling font encoding OMS ...
... processing UTF-8 mapping file for font encoding OMS

(/usr/share/texlive/texmf-dist/tex/latex/base/omsenc.dfu
File: omsenc.dfu 2015/12/03 v1.1r UTF-8 support for inputenc
   defining Unicode char U+00A7 (decimal 167)
   defining Unicode char U+00B6 (decimal 182)
   defining Unicode char U+00B7 (decimal 183)
   defining Unicode char U+2020 (decimal 8224)
   defining Unicode char U+2021 (decimal 8225)
   defining Unicode char U+2022 (decimal 8226)
)
Now handling font encoding OMX ...
... no UTF-8 mapping file for font encoding OMX
Now handling font encoding U ...
... no UTF-8 mapping file for font encoding U
Now handling font encoding OT4 ...
... no UTF-8 mapping file for font encoding OT4
   defining Unicode char U+00A9 (decimal 169)
   defining Unicode char U+00AA (decimal 170)
   defining Unicode char U+00AE (decimal 174)
   defining Unicode char U+00BA (decimal 186)
   defining Unicode char U+02C6 (decimal 710)
   defining Unicode char U+02DC (decimal 732)
   defining Unicode char U+200C (decimal 8204)
   defining Unicode char U+2026 (decimal 8230)
   defining Unicode char U+2122 (decimal 8482)
   defining Unicode char U+2423 (decimal 9251)
))
(/usr/share/texlive/texmf-dist/tex/latex/base/fontenc.sty
Package: fontenc 2005/09/27 v1.99g Standard LaTeX package

(/usr/share/texlive/texmf-dist/tex/latex/base/t1enc.def
File: t1enc.def 2005/09/27 v1.99g Standard LaTeX file
LaTeX Font Info:    Redeclaring font encoding T1 on input line 48.
))
(/usr/share/texlive/texmf-dist/tex/latex/graphics/graphicx.sty
Package: graphicx 2014/10/28 v1.0g Enhanced LaTeX Graphics (DPC,SPQR)

(/usr/share/texlive/texmf-dist/tex/latex/graphics/keyval.sty
Package: keyval 2014/10/28 v1.15 key=value parser (DPC)
\KV@toks@=\toks16
)
(/usr/share/texlive/texmf-dist/tex/latex/graphics/graphics.sty
Package: graphics 2016/01/03 v1.0q Standard LaTeX Graphics (DPC,SPQR)

(/usr/share/texlive/texmf-dist/tex/latex/graphics/trig.sty
Package: trig 2016/01/03 v1.10 sin cos tan (DPC)
)
(/usr/share/texlive/texmf-dist/tex/latex/latexconfig/graphics.cfg
File: graphics.cfg 2010/04/23 v1.9 graphics configuration of TeX Live
)
Package graphics Info: Driver file: pdftex.def on input line 95.

(/usr/share/texlive/texmf-dist/tex/latex/pdftex-def/pdftex.def
File: pdftex.def 2011/05/27 v0.06d Graphics/color for pdfTeX

(/usr/share/texlive/texmf-dist/tex/generic/oberdiek/infwarerr.sty
Package: infwarerr 2010/04/08 v1.3 Providing info/warning/error messages (HO)
)
(/usr/share/texlive/texmf-dist/tex/generic/oberdiek/ltxcmds.sty
Package: ltxcmds 2011/11/09 v1.22 LaTeX kernel commands for general use (HO)
)
\Gread@gobject=\count88
))
\Gin@req@height=\dimen103
\Gin@req@width=\dimen104
)
(/usr/share/texlive/texmf-dist/tex/latex/psfrag/psfrag.sty
Package: psfrag 1998/04/11 v3.04 PSfrag (MCG)
\pfg@pcount=\count89
\pfg@scount=\count90
\pfg@temp=\write3
)
(/usr/share/texlive/texmf-dist/tex/latex/amsmath/amsmath.sty
Package: amsmath 2016/03/03 v2.15a AMS math features
\@mathmargin=\skip43

For additional information on amsmath, use the `?' option.
(/usr/share/texlive/texmf-dist/tex/latex/amsmath/amstext.sty
Package: amstext 2000/06/29 v2.01 AMS text

(/usr/share/texlive/texmf-dist/tex/latex/amsmath/amsgen.sty
File: amsgen.sty 1999/11/30 v2.0 generic functions
\@emptytoks=\toks17
\ex@=\dimen105
))
(/usr/share/texlive/texmf-dist/tex/latex/amsmath/amsbsy.sty
Package: amsbsy 1999/11/29 v1.2d Bold Symbols
\pmbraise@=\dimen106
)
(/usr/share/texlive/texmf-dist/tex/latex/amsmath/amsopn.sty
Package: amsopn 1999/12/14 v2.01 operator names
)
\inf@bad=\count91
LaTeX Info: Redefining \frac on input line 199.
\uproot@=\count92
\leftroot@=\count93
LaTeX Info: Redefining \overline on input line 297.
\classnum@=\count94
\DOTSCASE@=\count95
LaTeX Info: Redefining \ldots on input line 394.
LaTeX Info: Redefining \dots on input line 397.
LaTeX Info: Redefining \cdots on input line 518.
\Mathstrutbox@=\box26
\strutbox@=\box27
\big@size=\dimen107
LaTeX Font Info:    Redeclaring font encoding OML on input line 630.
LaTeX Font Info:    Redeclaring font encoding OMS on input line 631.
\macc@depth=\count96
\c@MaxMatrixCols=\count97
\dotsspace@=\muskip10
\c@parentequation=\count98
\dspbrk@lvl=\count99
\tag@help=\toks18
\row@=\count100
\column@=\count101
\maxfields@=\count102
\andhelp@=\toks19
\eqnshift@=\dimen108
\alignsep@=\dimen109
\tagshift@=\dimen110
\tagwidth@=\dimen111
\totwidth@=\dimen112
\lineht@=\dimen113
\@envbody=\toks20
\multlinegap=\skip44
\multlinetaggap=\skip45
\mathdisplay@stack=\toks21
LaTeX Info: Redefining \[ on input line 2735.
LaTeX Info: Redefining \] on input line 2736.
)
(/usr/share/texlive/texmf-dist/tex/latex/amsfonts/amsfonts.sty
Package: amsfonts 2013/01/14 v3.01 Basic AMSFonts support
\symAMSa=\mathgroup4
\symAMSb=\mathgroup5
LaTeX Font Info:    Overwriting math alphabet `\mathfrak' in version `bold'
(Font)                  U/euf/m/n --> U/euf/b/n on input line 106.
)
(/usr/share/texlive/texmf-dist/tex/latex/tools/array.sty
Package: array 2014/10/28 v2.4c Tabular extension package (FMi)
\col@sep=\dimen114
\extrarowheight=\dimen115
\NC@list=\toks22
\extratabsurround=\skip46
\backup@length=\skip47
)
(/usr/share/texlive/texmf-dist/tex/latex/tools/tabularx.sty
Package: tabularx 2014/10/28 v2.10 `tabularx' package (DPC)
\TX@col@width=\dimen116
\TX@old@table=\dimen117
\TX@old@col=\dimen118
\TX@target=\dimen119
\TX@delta=\dimen120
\TX@cols=\count103
\TX@ftn=\toks23
)
(/usr/share/texlive/texmf-dist/tex/latex/tools/hhline.sty
Package: hhline 2014/10/28 v2.03 Table rule package (DPC)
)
(/usr/share/texlive/texmf-dist/tex/latex/mathtools/mathtools.sty
Package: mathtools 2015/11/12 v1.18 mathematical typesetting tools

(/usr/share/texlive/texmf-dist/tex/latex/tools/calc.sty
Package: calc 2014/10/28 v4.3 Infix arithmetic (KKT,FJ)
\calc@Acount=\count104
\calc@Bcount=\count105
\calc@Adimen=\dimen121
\calc@Bdimen=\dimen122
\calc@Askip=\skip48
\calc@Bskip=\skip49
LaTeX Info: Redefining \setlength on input line 80.
LaTeX Info: Redefining \addtolength on input line 81.
\calc@Ccount=\count106
\calc@Cskip=\skip50
)
(/usr/share/texlive/texmf-dist/tex/latex/mathtools/mhsetup.sty
Package: mhsetup 2010/01/21 v1.2a programming setup (MH)
)
LaTeX Info: Thecontrolsequence`\('isalreadyrobust on input line 129.
LaTeX Info: Thecontrolsequence`\)'isalreadyrobust on input line 129.
LaTeX Info: Thecontrolsequence`\['isalreadyrobust on input line 129.
LaTeX Info: Thecontrolsequence`\]'isalreadyrobust on input line 129.
\g_MT_multlinerow_int=\count107
\l_MT_multwidth_dim=\dimen123
\origjot=\skip51
\l_MT_shortvdotswithinadjustabove_dim=\dimen124
\l_MT_shortvdotswithinadjustbelow_dim=\dimen125
\l_MT_above_intertext_sep=\dimen126
\l_MT_below_intertext_sep=\dimen127
\l_MT_above_shortintertext_sep=\dimen128
\l_MT_below_shortintertext_sep=\dimen129
)
(/usr/share/texlive/texmf-dist/tex/latex/listings/listings.sty
\lst@mode=\count108
\lst@gtempboxa=\box28
\lst@token=\toks24
\lst@length=\count109
\lst@currlwidth=\dimen130
\lst@column=\count110
\lst@pos=\count111
\lst@lostspace=\dimen131
\lst@width=\dimen132
\lst@newlines=\count112
\lst@lineno=\count113
\lst@maxwidth=\dimen133

(/usr/share/texlive/texmf-dist/tex/latex/listings/lstmisc.sty
File: lstmisc.sty 2015/06/04 1.6 (Carsten Heinz)
\c@lstnumber=\count114
\lst@skipnumbers=\count115
\lst@framebox=\box29
)
(/usr/share/texlive/texmf-dist/tex/latex/listings/listings.cfg
File: listings.cfg 2015/06/04 1.6 listings configuration
))
Package: listings 2015/06/04 1.6 (Carsten Heinz)

(/usr/share/texlive/texmf-dist/tex/latex/rotating/rotating.sty
Package: rotating 2009/03/28 v2.16a rotated objects in LaTeX

(/usr/share/texlive/texmf-dist/tex/latex/base/ifthen.sty
Package: ifthen 2014/09/29 v1.1c Standard LaTeX ifthen package (DPC)
)
\c@r@tfl@t=\count116
\rotFPtop=\skip52
\rotFPbot=\skip53
\rot@float@box=\box30
\rot@mess@toks=\toks25
)
\c@theorem=\count117

(./bachelor_thesis.aux)
\openout1 = `bachelor_thesis.aux'.

LaTeX Font Info:    Checking defaults for OML/cmm/m/it on input line 53.
LaTeX Font Info:    ... okay on input line 53.
LaTeX Font Info:    Checking defaults for T1/cmr/m/n on input line 53.
LaTeX Font Info:    ... okay on input line 53.
LaTeX Font Info:    Checking defaults for OT1/cmr/m/n on input line 53.
LaTeX Font Info:    ... okay on input line 53.
LaTeX Font Info:    Checking defaults for OMS/cmsy/m/n on input line 53.
LaTeX Font Info:    ... okay on input line 53.
LaTeX Font Info:    Checking defaults for OMX/cmex/m/n on input line 53.
LaTeX Font Info:    ... okay on input line 53.
LaTeX Font Info:    Checking defaults for U/cmr/m/n on input line 53.
LaTeX Font Info:    ... okay on input line 53.
LaTeX Font Info:    Checking defaults for OT4/cmr/m/n on input line 53.
LaTeX Font Info:    ... okay on input line 53.

(/usr/share/texlive/texmf-dist/tex/context/base/supp-pdf.mkii
[Loading MPS to PDF converter (version 2006.09.02).]
\scratchcounter=\count118
\scratchdimen=\dimen134
\scratchbox=\box31
\nofMPsegments=\count119
\nofMParguments=\count120
\everyMPshowfont=\toks26
\MPscratchCnt=\count121
\MPscratchDim=\dimen135
\MPnumerator=\count122
\makeMPintoPDFobject=\count123
\everyMPtoPDFconversion=\toks27
) (/usr/share/texlive/texmf-dist/tex/generic/oberdiek/pdftexcmds.sty
Package: pdftexcmds 2011/11/29 v0.20 Utility functions of pdfTeX for LuaTeX (HO
)

(/usr/share/texlive/texmf-dist/tex/generic/oberdiek/ifluatex.sty
Package: ifluatex 2010/03/01 v1.3 Provides the ifluatex switch (HO)
Package ifluatex Info: LuaTeX not detected.
)
(/usr/share/texlive/texmf-dist/tex/generic/oberdiek/ifpdf.sty
Package: ifpdf 2011/01/30 v2.3 Provides the ifpdf switch (HO)
Package ifpdf Info: pdfTeX in PDF mode is detected.
)
Package pdftexcmds Info: LuaTeX not detected.
Package pdftexcmds Info: \pdf@primitive is available.
Package pdftexcmds Info: \pdf@ifprimitive is available.
Package pdftexcmds Info: \pdfdraftmode found.
)
(/usr/share/texlive/texmf-dist/tex/latex/oberdiek/epstopdf-base.sty
Package: epstopdf-base 2010/02/09 v2.5 Base part for package epstopdf

(/usr/share/texlive/texmf-dist/tex/latex/oberdiek/grfext.sty
Package: grfext 2010/08/19 v1.1 Manage graphics extensions (HO)

(/usr/share/texlive/texmf-dist/tex/generic/oberdiek/kvdefinekeys.sty
Package: kvdefinekeys 2011/04/07 v1.3 Define keys (HO)
))
(/usr/share/texlive/texmf-dist/tex/latex/oberdiek/kvoptions.sty
Package: kvoptions 2011/06/30 v3.11 Key value format for package options (HO)

(/usr/share/texlive/texmf-dist/tex/generic/oberdiek/kvsetkeys.sty
Package: kvsetkeys 2012/04/25 v1.16 Key value parser (HO)

(/usr/share/texlive/texmf-dist/tex/generic/oberdiek/etexcmds.sty
Package: etexcmds 2011/02/16 v1.5 Avoid name clashes with e-TeX commands (HO)
Package etexcmds Info: Could not find \expanded.
(etexcmds)             That can mean that you are not using pdfTeX 1.50 or
(etexcmds)             that some package has redefined \expanded.
(etexcmds)             In the latter case, load this package earlier.
)))
Package grfext Info: Graphics extension search list:
(grfext)             [.png,.pdf,.jpg,.mps,.jpeg,.jbig2,.jb2,.PNG,.PDF,.JPG,.JPE
G,.JBIG2,.JB2,.eps]
(grfext)             \AppendGraphicsExtensions on input line 452.

(/usr/share/texlive/texmf-dist/tex/latex/latexconfig/epstopdf-sys.cfg
File: epstopdf-sys.cfg 2010/07/13 v1.3 Configuration of (r)epstopdf for TeX Liv
e
))
\c@lstlisting=\count124
\@temphbadness=\count125
\@tempvbadness=\count126
\@temphfuzz=\skip54
\@temptextwidth=\skip55
\@temptextheight=\skip56
\@temptopmargin=\skip57
\@tempheadheight=\skip58
\@tempheadsep=\skip59
\@tempoddsidemargin=\skip60
\@tempevensidemargin=\skip61
LaTeX Font Info:    Try loading font information for OML+plm on input line 56.

(/usr/share/texlive/texmf-dist/tex/latex/polski/omlplm.fd
File: omlplm.fd 2008/02/24 v1.2.1 Font defs for fonts PL (MW)
)
LaTeX Font Info:    Try loading font information for OMS+plsy on input line 56.


(/usr/share/texlive/texmf-dist/tex/latex/polski/omsplsy.fd
File: omsplsy.fd 2008/02/24 v1.2.1 Font defs for fonts PL (MW)
)
LaTeX Font Info:    Try loading font information for OMX+plex on input line 56.


(/usr/share/texlive/texmf-dist/tex/latex/polski/omxplex.fd
File: omxplex.fd 2008/02/24 v1.2.1 Font defs for fonts PL (MW)
)
LaTeX Font Info:    External font `plex10' loaded for size
(Font)              <12> on input line 56.
LaTeX Font Info:    External font `plex10' loaded for size
(Font)              <8> on input line 56.
LaTeX Font Info:    External font `plex10' loaded for size
(Font)              <6> on input line 56.
LaTeX Font Info:    Try loading font information for U+msa on input line 56.

(/usr/share/texlive/texmf-dist/tex/latex/amsfonts/umsa.fd
File: umsa.fd 2013/01/14 v3.01 AMS symbols A
)
LaTeX Font Info:    Try loading font information for U+msb on input line 56.

(/usr/share/texlive/texmf-dist/tex/latex/amsfonts/umsb.fd
File: umsb.fd 2013/01/14 v3.01 AMS symbols B
)
\@tempheightkier=\skip62
\@tempheighttkier=\skip63
\@tempheightspec=\skip64
\@tempheighttspec=\skip65
 [1
Non-PDF special ignored!



{/var/lib/texmf/fonts/map/pdftex/updmap/pdftex.map}]
[0


] (./bachelor_thesis.toc)
\tf@toc=\write4
\openout4 = `bachelor_thesis.toc'.

 [1] [2


]
Rozdzia\PlPrIeC {\l } 1.
[3] [4


]
Rozdzia\PlPrIeC {\l } 2.
[5] <speechmechpl.png, id=33, 896.34875pt x 1025.8325pt>
File: speechmechpl.png Graphic file (type png)

<use speechmechpl.png>
Package pdftex.def Info: speechmechpl.png used on input line 99.
(pdftex.def)             Requested size: 224.08664pt x 256.4575pt.
 <feedback.png, id=35, 1118.1775pt x 666.49pt>
File: feedback.png Graphic file (type png)

<use feedback.png>
Package pdftex.def Info: feedback.png used on input line 106.
(pdftex.def)             Requested size: 279.54369pt x 166.62209pt.


LaTeX Warning: Float too large for page by 27.14287pt on input line 109.

<kabanosTime.png, id=36, 1564.84625pt x 539.01375pt>
File: kabanosTime.png Graphic file (type png)
 <use kabanosTime.png>
Package pdftex.def Info: kabanosTime.png used on input line 119.
(pdftex.def)             Requested size: 469.4575pt x 161.70537pt.

Overfull \hbox (14.21342pt too wide) in paragraph at lines 119--120
 [] 
 []

<kabanosSpectrum.png, id=37, 822.57312pt x 405.01312pt>
File: kabanosSpectrum.png Graphic file (type png)

<use kabanosSpectrum.png>
Package pdftex.def Info: kabanosSpectrum.png used on input line 122.
(pdftex.def)             Requested size: 411.28555pt x 202.50606pt.


LaTeX Warning: Float too large for page by 34.81631pt on input line 125.

[6] [7 <./speechmechpl.png> <./feedback.png>] [8 <./kabanosTime.png> <./kabanos
Spectrum.png>]
Rozdzia\PlPrIeC {\l } 3.
<EnergyBasedAlgorithmFlowchart.png, id=53, 462.72874pt x 1090.0725pt>
File: EnergyBasedAlgorithmFlowchart.png Graphic file (type png)

<use EnergyBasedAlgorithmFlowchart.png>
Package pdftex.def Info: EnergyBasedAlgorithmFlowchart.png used on input line 1
52.
(pdftex.def)             Requested size: 277.63939pt x 654.04855pt.

Underfull \vbox (badness 6332) has occurred while \output is active []

 [9


]
[10]
Overfull \vbox (8.3706pt too high) has occurred while \output is active []


[11 <./EnergyBasedAlgorithmFlowchart.png>] [12]
<SFFAlgorithm.png, id=75, 399.4925pt x 1047.915pt>
File: SFFAlgorithm.png Graphic file (type png)
 <use SFFAlgorithm.png>
Package pdftex.def Info: SFFAlgorithm.png used on input line 246.
(pdftex.def)             Requested size: 239.69734pt x 628.75385pt.

Overfull \vbox (9.6326pt too high) has occurred while \output is active []


[13] [14 <./SFFAlgorithm.png>]
Overfull \vbox (9.6326pt too high) has occurred while \output is active []


[15] <SFFdelta.png, id=88, 744.7825pt x 831.105pt>
File: SFFdelta.png Graphic file (type png)
 <use SFFdelta.png>
Package pdftex.def Info: SFFdelta.png used on input line 329.
(pdftex.def)             Requested size: 372.39034pt x 415.55148pt.
 [16]
Overfull \vbox (9.6326pt too high) has occurred while \output is active []


[17 <./SFFdelta.png>] [18]
Overfull \hbox (9.52388pt too wide) in paragraph at lines 372--373
[]\T1/cmr/m/n/12 Decyzja $\OML/plm/m/it/12 d\OT4/cmr/m/n/12 (\OML/plm/m/it/12 n
\OT4/cmr/m/n/12 )$ \T1/cmr/m/n/12 dla ka»-dej prób-ki jest okien-ko-wa-na o roz
-mia-rach okie-nek 300msec, 400msec,
 []


Overfull \vbox (9.6326pt too high) has occurred while \output is active []


[19]
Overfull \hbox (26.19476pt too wide) in paragraph at lines 381--381
[]\T1/cmr/bx/n/17.28 Zmieniony al-go-rytm Sin-gle Fre-qu-en-cy Fil-te-ring (SFF
2) 
 []

[20]
Rozdzia\PlPrIeC {\l } 4.
<kabanos.png, id=105, 2208.25pt x 1003.75pt>
File: kabanos.png Graphic file (type png)
 <use kabanos.png>
Package pdftex.def Info: kabanos.png used on input line 415.
(pdftex.def)             Requested size: 441.64218pt x 200.74644pt.

<kabanosEnergy.png, id=106, 2208.25pt x 1003.75pt>
File: kabanosEnergy.png Graphic file (type png)
 <use kabanosEnergy.png>
Package pdftex.def Info: kabanosEnergy.png used on input line 421.
(pdftex.def)             Requested size: 441.64218pt x 200.74644pt.

<kabanosSFFArticle.png, id=107, 2208.25pt x 1003.75pt>
File: kabanosSFFArticle.png Graphic file (type png)

<use kabanosSFFArticle.png>
Package pdftex.def Info: kabanosSFFArticle.png used on input line 424.
(pdftex.def)             Requested size: 441.64218pt x 200.74644pt.

<kabanosSFFChanged.png, id=108, 2208.25pt x 1003.75pt>
File: kabanosSFFChanged.png Graphic file (type png)

<use kabanosSFFChanged.png>
Package pdftex.def Info: kabanosSFFChanged.png used on input line 427.
(pdftex.def)             Requested size: 441.64218pt x 200.74644pt.


LaTeX Warning: Float too large for page by 29.09782pt on input line 430.

<zapamietaj.png, id=109, 2208.25pt x 1003.75pt>
File: zapamietaj.png Graphic file (type png)
 <use zapamietaj.png>
Package pdftex.def Info: zapamietaj.png used on input line 446.
(pdftex.def)             Requested size: 441.64218pt x 200.74644pt.

<zapamietajEnergy.png, id=110, 2208.25pt x 1003.75pt>
File: zapamietajEnergy.png Graphic file (type png)

<use zapamietajEnergy.png>
Package pdftex.def Info: zapamietajEnergy.png used on input line 454.
(pdftex.def)             Requested size: 441.64218pt x 200.74644pt.

<zapamietajSFFArticle.png, id=111, 2208.25pt x 1003.75pt>
File: zapamietajSFFArticle.png Graphic file (type png)

<use zapamietajSFFArticle.png>
Package pdftex.def Info: zapamietajSFFArticle.png used on input line 457.
(pdftex.def)             Requested size: 441.64218pt x 200.74644pt.

<zapamietajSFFChanged.png, id=112, 2208.25pt x 1003.75pt>
File: zapamietajSFFChanged.png Graphic file (type png)

<use zapamietajSFFChanged.png>
Package pdftex.def Info: zapamietajSFFChanged.png used on input line 460.
(pdftex.def)             Requested size: 441.64218pt x 200.74644pt.


LaTeX Warning: Float too large for page by 29.09782pt on input line 463.


Underfull \hbox (badness 1014) in paragraph at lines 490--492
\T1/cmr/m/n/12 Za-zna-czo-no na nich ocze-ki-wa-n¡ (wzor-co-w¡) de-tek-cj¦ al-g
o-ryt-mów. Ko-lej-ne ry-sun-ki
 []


Underfull \hbox (badness 10000) in paragraph at lines 490--492

 []

<dbi03w1s14wzor.png, id=113, 2208.25pt x 1003.75pt>
File: dbi03w1s14wzor.png Graphic file (type png)
 <use dbi03w1s14wzor.png>
Package pdftex.def Info: dbi03w1s14wzor.png used on input line 499.
(pdftex.def)             Requested size: 662.48012pt x 301.12732pt.

<dbi03w1s14Energy.png, id=114, 2208.25pt x 1003.75pt>
File: dbi03w1s14Energy.png Graphic file (type png)

<use dbi03w1s14Energy.png>
Package pdftex.def Info: dbi03w1s14Energy.png used on input line 502.
(pdftex.def)             Requested size: 662.48012pt x 301.12732pt.

<dbi03w1s14SFFArticle.png, id=115, 2208.25pt x 1003.75pt>
File: dbi03w1s14SFFArticle.png Graphic file (type png)

<use dbi03w1s14SFFArticle.png>
Package pdftex.def Info: dbi03w1s14SFFArticle.png used on input line 505.
(pdftex.def)             Requested size: 662.48012pt x 301.12732pt.

<dbi03w1s14SFFChanged.png, id=116, 2208.25pt x 1003.75pt>
File: dbi03w1s14SFFChanged.png Graphic file (type png)

<use dbi03w1s14SFFChanged.png>
Package pdftex.def Info: dbi03w1s14SFFChanged.png used on input line 508.
(pdftex.def)             Requested size: 662.48012pt x 301.12732pt.

Overfull \hbox (20.42296pt too wide) in paragraph at lines 517--570
 []$ 
 []


LaTeX Warning: Float too large for page by 70.0209pt on input line 573.

<mwr35w1s14wzor.png, id=117, 2208.25pt x 1003.75pt>
File: mwr35w1s14wzor.png Graphic file (type png)
 <use mwr35w1s14wzor.png>
Package pdftex.def Info: mwr35w1s14wzor.png used on input line 576.
(pdftex.def)             Requested size: 662.48012pt x 301.12732pt.

<mwr35w1s14Energy.png, id=118, 2208.25pt x 1003.75pt>
File: mwr35w1s14Energy.png Graphic file (type png)

<use mwr35w1s14Energy.png>
Package pdftex.def Info: mwr35w1s14Energy.png used on input line 579.
(pdftex.def)             Requested size: 662.48012pt x 301.12732pt.

<mwr35w1s14SFFArticle.png, id=119, 2208.25pt x 1003.75pt>
File: mwr35w1s14SFFArticle.png Graphic file (type png)

<use mwr35w1s14SFFArticle.png>
Package pdftex.def Info: mwr35w1s14SFFArticle.png used on input line 582.
(pdftex.def)             Requested size: 662.48012pt x 301.12732pt.

<mwr35w1s14SFFChanged.png, id=120, 2208.25pt x 1003.75pt>
File: mwr35w1s14SFFChanged.png Graphic file (type png)

<use mwr35w1s14SFFChanged.png>
Package pdftex.def Info: mwr35w1s14SFFChanged.png used on input line 585.
(pdftex.def)             Requested size: 662.48012pt x 301.12732pt.
LaTeX Font Info:    External font `plex10' loaded for size
(Font)              <10> on input line 594.
LaTeX Font Info:    External font `plex10' loaded for size
(Font)              <7> on input line 594.
LaTeX Font Info:    External font `plex10' loaded for size
(Font)              <5> on input line 594.


LaTeX Warning: Float too large for page by 43.24068pt on input line 659.

<noisemwr35w1s14wzor.png, id=121, 2208.25pt x 1003.75pt>
File: noisemwr35w1s14wzor.png Graphic file (type png)

<use noisemwr35w1s14wzor.png>
Package pdftex.def Info: noisemwr35w1s14wzor.png used on input line 668.
(pdftex.def)             Requested size: 662.48012pt x 301.12732pt.

<noisemwr35w1s14Energy.png, id=122, 2208.25pt x 1003.75pt>
File: noisemwr35w1s14Energy.png Graphic file (type png)

<use noisemwr35w1s14Energy.png>
Package pdftex.def Info: noisemwr35w1s14Energy.png used on input line 671.
(pdftex.def)             Requested size: 662.48012pt x 301.12732pt.

<noisemwr35w1s14SFFArticle.png, id=123, 2208.25pt x 1003.75pt>
File: noisemwr35w1s14SFFArticle.png Graphic file (type png)

<use noisemwr35w1s14SFFArticle.png>
Package pdftex.def Info: noisemwr35w1s14SFFArticle.png used on input line 674.
(pdftex.def)             Requested size: 662.48012pt x 301.12732pt.

<noisemwr35w1s14SFFChanged.png, id=124, 2208.25pt x 1003.75pt>
File: noisemwr35w1s14SFFChanged.png Graphic file (type png)

<use noisemwr35w1s14SFFChanged.png>
Package pdftex.def Info: noisemwr35w1s14SFFChanged.png used on input line 677.
(pdftex.def)             Requested size: 662.48012pt x 301.12732pt.


LaTeX Warning: Float too large for page by 43.24068pt on input line 752.

[21


] [22 <./kabanos.png>] [23 <./kabanosEnergy.png> <./kabanosSFFArticle.png> <./k
abanosSFFChanged.png>] [24 <./zapamietaj.png>] [25 <./zapamietajEnergy.png> <./
zapamietajSFFArticle.png> <./zapamietajSFFChanged.png>] [26] [27 <./dbi03w1s14w
zor.png> <./dbi03w1s14Energy.png> <./dbi03w1s14SFFArticle.png> <./dbi03w1s14SFF
Changed.png>] [28] [29 <./mwr35w1s14wzor.png> <./mwr35w1s14Energy.png> <./mwr35
w1s14SFFArticle.png> <./mwr35w1s14SFFChanged.png>] [30] [31] [32 <./noisemwr35w
1s14wzor.png> <./noisemwr35w1s14Energy.png> <./noisemwr35w1s14SFFArticle.png> <
./noisemwr35w1s14SFFChanged.png>] [33] [34


]
Rozdzia\PlPrIeC {\l } 5.
<dbi03w1s14results.png, id=174, 455.45157pt x 255.95625pt>
File: dbi03w1s14results.png Graphic file (type png)

<use dbi03w1s14results.png>
Package pdftex.def Info: dbi03w1s14results.png used on input line 760.
(pdftex.def)             Requested size: 455.45045pt x 255.95561pt.

<mwr35w1s14results.png, id=175, 455.45157pt x 255.95625pt>
File: mwr35w1s14results.png Graphic file (type png)

<use mwr35w1s14results.png>
Package pdftex.def Info: mwr35w1s14results.png used on input line 767.
(pdftex.def)             Requested size: 455.45045pt x 255.95561pt.

<noisedmwr35w1s14results.png, id=176, 455.45157pt x 255.95625pt>
File: noisedmwr35w1s14results.png Graphic file (type png)

<use noisedmwr35w1s14results.png>
Package pdftex.def Info: noisedmwr35w1s14results.png used on input line 775.
(pdftex.def)             Requested size: 455.45045pt x 255.95561pt.

<sumOfResults.png, id=177, 455.45157pt x 255.95625pt>
File: sumOfResults.png Graphic file (type png)
 <use sumOfResults.png>
Package pdftex.def Info: sumOfResults.png used on input line 783.
(pdftex.def)             Requested size: 455.45045pt x 255.95561pt.

[35] [36 <./dbi03w1s14results.png (PNG copy)> <./mwr35w1s14results.png (PNG cop
y)>] [37 <./noisedmwr35w1s14results.png (PNG copy)> <./sumOfResults.png (PNG co
py)>] [38


]
Rozdzia\PlPrIeC {\l } 6.
(/usr/share/texlive/texmf-dist/tex/latex/listings/lstlang1.sty
File: lstlang1.sty 2015/06/04 1.6 listings language file
)
(/usr/share/texlive/texmf-dist/tex/latex/listings/lstlang1.sty
File: lstlang1.sty 2015/06/04 1.6 listings language file
)
(/usr/share/texlive/texmf-dist/tex/latex/listings/lstmisc.sty
File: lstmisc.sty 2015/06/04 1.6 (Carsten Heinz)
)
LaTeX Font Info:    Try loading font information for OMS+cmr on input line 814.


(/usr/share/texlive/texmf-dist/tex/latex/base/omscmr.fd
File: omscmr.fd 2014/09/29 v2.5h Standard LaTeX font definitions
)
LaTeX Font Info:    Font shape `OMS/cmr/m/n' in size <8> not available
(Font)              Font shape `OMS/cmsy/m/n' tried instead on input line 814.
 [39]
LaTeX Font Info:    Font shape `OMS/cmr/m/it' in size <8> not available
(Font)              Font shape `OMS/cmsy/m/n' tried instead on input line 848.

Overfull \hbox (13.84558pt too wide) in paragraph at lines 859--860
[][][][][][][][][][][][][][] 
 []


Overfull \hbox (8.74678pt too wide) in paragraph at lines 861--862
[][][][] 
 []


Overfull \hbox (49.53719pt too wide) in paragraph at lines 865--867
[][][][][][][][][][][][][][][][][] 
 []


Overfull \hbox (8.74678pt too wide) in paragraph at lines 892--893
[][][][][][][][][][][][][][][][][][][][][][][][][][][][][] 
 []

[40]
Overfull \hbox (13.84558pt too wide) in paragraph at lines 904--905
[][][][][][][][][][][][][][][][][][][][][][][][][][][][][][][][][][][][][][][][
][][] 
 []


Overfull \hbox (34.24078pt too wide) in paragraph at lines 922--923
[][][][][][][][][][][][][][][][][][][][][][][][][] 
 []


Overfull \hbox (8.74678pt too wide) in paragraph at lines 937--938
[][][][][][][][][] 
 []


Underfull \vbox (badness 3260) has occurred while \output is active []


Overfull \vbox (8.3706pt too high) has occurred while \output is active []


[41]
Overfull \hbox (29.14198pt too wide) in paragraph at lines 953--954
[][][][][][][][][][][][][][][][][][][][][][][][][] 
 []


Overfull \hbox (13.84558pt too wide) in paragraph at lines 965--966
[][][][][][][][][][][][][][][][][][][][] 
 []


Overfull \hbox (3.64798pt too wide) in paragraph at lines 990--991
[][][][][][][][][][][][][][][][][][][][] 
 []

[42]
Overfull \hbox (39.33958pt too wide) in paragraph at lines 1027--1029
[][][][][][][][][][][][][][][][][][][][][] 
 []


Overfull \hbox (1.52522pt too wide) in paragraph at lines 1051--1051
\T1/cmr/bx/n/17.28 po-dzie-lo-ne-go na pa-sma z fil-tra-cj¡ po-je-dyn-czych cz¦
-
 []


Overfull \hbox (29.14198pt too wide) in paragraph at lines 1079--1080
[][][][][][][][][][][][][][][][][][][][][][][][][][][][][][][][][] 
 []


Overfull \vbox (8.3706pt too high) has occurred while \output is active []


[43]
Overfull \hbox (85.22879pt too wide) in paragraph at lines 1097--1099
[][][][][][][][][][][][][][][][][][][][][][] 
 []

[44] [45


] [46


] (./bachelor_thesis.lof)
\tf@lof=\write5
\openout5 = `bachelor_thesis.lof'.

 [47] [48


] (./bachelor_thesis.lot)
\tf@lot=\write6
\openout6 = `bachelor_thesis.lot'.


[49] (./bachelor_thesis.aux) ) 
Here is how much of TeX's memory you used:
 6034 strings out of 494918
 81392 string characters out of 6180101
 221068 words of memory out of 5000000
 9134 multiletter control sequences out of 15000+600000
 32852 words of font info for 72 fonts, out of 8000000 for 9000
 34 hyphenation exceptions out of 8191
 38i,15n,58p,1899b,1698s stack positions out of 5000i,500n,10000p,200000b,80000s
 </home/paulina/.texmf-var/fonts/pk/ljfour/jknapp
en/ec/ecbx0800.600pk> </home/paulina/.texmf-var/fonts/pk/ljfour/jknappen/ec/ect
i0800.600pk>{/usr/share/texlive/texmf-dist/fonts/enc/dvips/pl/plmi.enc} </home/
paulina/.texmf-var/fonts/pk/ljfour/jknappen/ec/ecbx1000.600pk>{/usr/share/texli
ve/texmf-dist/fonts/enc/dvips/pl/plrm.enc} </home/paulina/.texmf-var/fonts/pk/l
jfour/jknappen/ec/ecrm1000.600pk> </home/paulina/.texmf-var/fonts/pk/ljfour/jkn
appen/ec/ecrm0800.600pk>{/usr/share/texlive/texmf-dist/fonts/enc/dvips/pl/plms.
enc} </home/paulina/.texmf-var/fonts/pk/ljfour/jknappen/ec/ecbx1440.600pk>{/usr
/share/texlive/texmf-dist/fonts/enc/dvips/pl/plme.enc} </home/paulina/.texmf-va
r/fonts/pk/ljfour/jknappen/ec/ecti1200.600pk> </home/paulina/.texmf-var/fonts/p
k/ljfour/jknappen/ec/ecbx1095.600pk> </home/paulina/.texmf-var/fonts/pk/ljfour/
jknappen/ec/ecbx1728.600pk> </home/paulina/.texmf-var/fonts/pk/ljfour/jknappen/
ec/ecrm1200.600pk> </home/paulina/.texmf-var/fonts/pk/ljfour/jknappen/ec/ecbx12
00.600pk> </home/paulina/.texmf-var/fonts/pk/ljfour/jknappen/ec/ecbx2488.600pk>
 </home/paulina/.texmf-var/fonts/pk/ljfour/jknappen/ec/ecbx2074.600pk> </home/p
aulina/.texmf-var/fonts/pk/ljfour/jknappen/ec/ecrm1440.600pk> </home/paulina/.t
exmf-var/fonts/pk/ljfour/jknappen/ec/eccc1728.600pk> </home/paulina/.texmf-var/
fonts/pk/ljfour/jknappen/ec/ecrm2074.600pk></usr/share/texlive/texmf-dist/fonts
/type1/public/amsfonts/cm/cmsy8.pfb></usr/share/texlive/texmf-dist/fonts/type1/
public/pl/plex10.pfb></usr/share/texlive/texmf-dist/fonts/type1/public/pl/plmi1
0.pfb></usr/share/texlive/texmf-dist/fonts/type1/public/pl/plmi12.pfb></usr/sha
re/texlive/texmf-dist/fonts/type1/public/pl/plmi6.pfb></usr/share/texlive/texmf
-dist/fonts/type1/public/pl/plmi8.pfb></usr/share/texlive/texmf-dist/fonts/type
1/public/pl/plr10.pfb></usr/share/texlive/texmf-dist/fonts/type1/public/pl/plr1
2.pfb></usr/share/texlive/texmf-dist/fonts/type1/public/pl/plr8.pfb></usr/share
/texlive/texmf-dist/fonts/type1/public/pl/plsy10.pfb></usr/share/texlive/texmf-
dist/fonts/type1/public/pl/plsy8.pfb>
Output written on bachelor_thesis.pdf (51 pages, 5265942 bytes).
PDF statistics:
 1000 PDF objects out of 1000 (max. 8388607)
 217 compressed objects within 3 object streams
 0 named destinations out of 1000 (max. 500000)
 156 words of extra memory for PDF output out of 10000 (max. 10000000)

